c:\users\asus\desktop\be the god gamer\x64\release\be the god gamer.ipdb
c:\users\asus\desktop\be the god gamer\x64\release\be the god gamer.iobj
c:\users\asus\desktop\be the god gamer\be the god gamer\x64\release\vc141.pdb
c:\users\asus\desktop\be the god gamer\be the god gamer\x64\release\wall.obj
c:\users\asus\desktop\be the god gamer\be the god gamer\x64\release\player2.obj
c:\users\asus\desktop\be the god gamer\be the god gamer\x64\release\player.obj
c:\users\asus\desktop\be the god gamer\be the god gamer\x64\release\item.obj
c:\users\asus\desktop\be the god gamer\be the god gamer\x64\release\entity.obj
c:\users\asus\desktop\be the god gamer\be the god gamer\x64\release\effect.obj
c:\users\asus\desktop\be the god gamer\be the god gamer\x64\release\bomb.obj
c:\users\asus\desktop\be the god gamer\be the god gamer\x64\release\block.obj
c:\users\asus\desktop\be the god gamer\be the god gamer\x64\release\01.obj
c:\users\asus\desktop\be the god gamer\x64\release\be the god gamer.exe
c:\users\asus\desktop\be the god gamer\x64\release\be the god gamer.pdb
c:\users\asus\desktop\be the god gamer\be the god gamer\x64\release\be the god gamer.tlog\be the god gamer.write.1u.tlog
c:\users\asus\desktop\be the god gamer\be the god gamer\x64\release\be the god gamer.tlog\cl.command.1.tlog
c:\users\asus\desktop\be the god gamer\be the god gamer\x64\release\be the god gamer.tlog\cl.read.1.tlog
c:\users\asus\desktop\be the god gamer\be the god gamer\x64\release\be the god gamer.tlog\cl.write.1.tlog
c:\users\asus\desktop\be the god gamer\be the god gamer\x64\release\be the god gamer.tlog\link.command.1.tlog
c:\users\asus\desktop\be the god gamer\be the god gamer\x64\release\be the god gamer.tlog\link.read.1.tlog
c:\users\asus\desktop\be the god gamer\be the god gamer\x64\release\be the god gamer.tlog\link.write.1.tlog
